GROUP,PACKAGE,CLASS,INSTRUCTION_MISSED,INSTRUCTION_COVERED,BRANCH_MISSED,BRANCH_COVERED,LINE_MISSED,LINE_COVERED,COMPLEXITY_MISSED,COMPLEXITY_COVERED,METHOD_MISSED,METHOD_COVERED
Thymeleaf Layout Dialect,nz.net.ultraq.thymeleaf.decorators.html,HtmlDocumentDecorator,9,138,0,14,3,31,3,13,3,6
Thymeleaf Layout Dialect,nz.net.ultraq.thymeleaf.decorators.html,HtmlBodyDecorator,3,42,0,10,1,7,1,7,1,2
Thymeleaf Layout Dialect,nz.net.ultraq.thymeleaf.decorators.html,HtmlTitleDecorator,3,160,2,18,1,41,3,13,1,5
Thymeleaf Layout Dialect,nz.net.ultraq.thymeleaf.decorators.html,HtmlHeadDecorator,6,131,1,23,2,31,3,15,2,4
Thymeleaf Layout Dialect,nz.net.ultraq.thymeleaf.fragments,FragmentParameterNamesExtractor,5,61,1,5,1,11,1,4,0,2
Thymeleaf Layout Dialect,nz.net.ultraq.thymeleaf.fragments,CollectFragmentProcessor,26,151,9,11,5,29,6,8,0,4
Thymeleaf Layout Dialect,nz.net.ultraq.thymeleaf.fragments,FragmentProcessor,9,88,4,8,2,17,3,6,0,3
Thymeleaf Layout Dialect,nz.net.ultraq.thymeleaf.fragments,FragmentParameterVariableUpdater,6,87,1,9,2,21,3,6,2,2
Thymeleaf Layout Dialect,nz.net.ultraq.thymeleaf.fragments,FragmentFinder,3,95,0,14,1,28,1,9,1,2
Thymeleaf Layout Dialect,nz.net.ultraq.thymeleaf.internal,IContextDelegate,46,49,0,0,9,5,1,3,1,3
Thymeleaf Layout Dialect,nz.net.ultraq.thymeleaf.internal,ModelBuilder,0,196,2,18,0,38,2,17,0,9
Thymeleaf Layout Dialect,nz.net.ultraq.thymeleaf,LayoutDialect,0,182,0,0,0,9,0,4,0,4
Thymeleaf Layout Dialect,nz.net.ultraq.thymeleaf.models,VariableDeclarationMerger,3,130,0,16,1,34,1,10,1,2
Thymeleaf Layout Dialect,nz.net.ultraq.thymeleaf.models,AttributeMerger,4,118,1,17,1,21,2,10,1,2
Thymeleaf Layout Dialect,nz.net.ultraq.thymeleaf.models,ElementMerger,20,83,3,11,3,17,3,7,1,2
Thymeleaf Layout Dialect,nz.net.ultraq.thymeleaf.models,VariableDeclarationParser,3,38,0,2,1,9,1,3,1,2
Thymeleaf Layout Dialect,nz.net.ultraq.thymeleaf.models,VariableDeclaration,3,36,0,0,1,8,1,3,1,3
Thymeleaf Layout Dialect,nz.net.ultraq.thymeleaf.models,TemplateModelFinder,15,165,2,14,3,24,5,13,3,7
Thymeleaf Layout Dialect,nz.net.ultraq.thymeleaf.fragments.extensions,FragmentExtensions,3,105,1,13,1,23,2,10,1,4
Thymeleaf Layout Dialect,nz.net.ultraq.thymeleaf.context.extensions,IContextExtensions,5,71,1,7,2,15,2,8,1,5
Thymeleaf Layout Dialect,nz.net.ultraq.thymeleaf.decorators,DecoratorProcessor,16,16,2,0,4,4,2,2,1,2
Thymeleaf Layout Dialect,nz.net.ultraq.thymeleaf.decorators,DecorateProcessor,19,259,8,26,3,52,8,15,0,6
Thymeleaf Layout Dialect,nz.net.ultraq.thymeleaf.decorators,TitlePatternProcessor,25,138,8,18,4,30,7,9,0,3
Thymeleaf Layout Dialect,nz.net.ultraq.thymeleaf.decorators.xml,XmlDocumentDecorator,5,118,4,18,1,32,5,12,1,5
Thymeleaf Layout Dialect,nz.net.ultraq.thymeleaf.models.extensions,IModelExtensions,64,512,32,92,20,124,32,62,3,29
Thymeleaf Layout Dialect,nz.net.ultraq.thymeleaf.models.extensions,EventIterator,4,30,0,2,1,6,1,4,1,3
Thymeleaf Layout Dialect,nz.net.ultraq.thymeleaf.models.extensions,ITemplateEventExtensions,3,93,1,27,1,14,2,19,1,6
Thymeleaf Layout Dialect,nz.net.ultraq.thymeleaf.models.extensions,IProcessableElementTagExtensions,3,21,1,5,1,3,2,3,1,1
Thymeleaf Layout Dialect,nz.net.ultraq.thymeleaf.models.extensions,IAttributeExtensions,3,35,1,3,1,2,2,2,1,1
Thymeleaf Layout Dialect,nz.net.ultraq.thymeleaf.models.extensions,IStandaloneElementTagExtensions,3,21,0,6,1,3,1,4,1,1
Thymeleaf Layout Dialect,nz.net.ultraq.thymeleaf.models.extensions,ICloseElementTagExtensions,3,14,1,3,1,2,2,2,1,1
Thymeleaf Layout Dialect,nz.net.ultraq.thymeleaf.models.extensions,ChildModelIterator,4,36,0,2,1,8,1,4,1,3
Thymeleaf Layout Dialect,nz.net.ultraq.thymeleaf.models.extensions,ITextExtensions,3,19,1,3,1,2,2,3,1,2
Thymeleaf Layout Dialect,nz.net.ultraq.thymeleaf.expressions,ExpressionProcessor,3,70,1,5,1,14,2,8,1,6
Thymeleaf Layout Dialect,nz.net.ultraq.thymeleaf.includes,InsertProcessor,0,61,0,0,0,13,0,2,0,2
Thymeleaf Layout Dialect,nz.net.ultraq.thymeleaf.includes,ReplaceProcessor,0,59,0,0,0,12,0,2,0,2
Thymeleaf Layout Dialect,nz.net.ultraq.thymeleaf.includes,IncludeProcessor,44,114,6,10,10,27,4,7,0,3
Thymeleaf Layout Dialect,nz.net.ultraq.thymeleaf.decorators.strategies,GroupingStrategy,8,135,10,30,2,36,9,14,0,3
Thymeleaf Layout Dialect,nz.net.ultraq.thymeleaf.decorators.strategies,AppendingStrategy,1,40,1,9,0,10,1,6,0,2
Thymeleaf Layout Dialect,nz.net.ultraq.thymeleaf.decorators.strategies,AppendingRespectLayoutTitleStrategy,3,34,2,6,1,8,2,5,0,3
Thymeleaf Layout Dialect,nz.net.ultraq.thymeleaf.decorators.strategies,GroupingRespectLayoutTitleStrategy,12,126,13,25,4,33,12,11,0,4
